SF:/Users/bri/Code/raptor-validator/src/rule-parser.ts
FN:36,<instance_members_initializer>
FN:46,RuleParser
FN:56,register
FN:66,registerFactory
FN:76,parse
FN:108,parseParameterizedRule
FN:130,has
FN:143,registerDefaultRules
FN:165,registerDefaultFactories
FNDA:97,<instance_members_initializer>
FNDA:97,RuleParser
FNDA:1552,register
FNDA:776,registerFactory
FNDA:118,parse
FNDA:44,parseParameterizedRule
FNDA:0,has
FNDA:97,registerDefaultRules
FNDA:97,registerDefaultFactories
FNF:9
FNH:8
BRDA:81,5,0,182
BRDA:82,5,1,44
BRDA:88,5,2,138
BRDA:92,5,3,0
BRDA:94,5,4,138
BRDA:115,7,0,0
BRF:6
BRH:4
DA:3,1
DA:4,1
DA:5,1
DA:6,1
DA:7,1
DA:8,1
DA:9,1
DA:10,1
DA:11,1
DA:12,1
DA:13,1
DA:14,1
DA:15,1
DA:16,1
DA:17,1
DA:18,1
DA:20,1
DA:21,1
DA:22,1
DA:23,1
DA:24,1
DA:25,1
DA:26,1
DA:27,1
DA:32,1
DA:36,1
DA:41,1
DA:46,1
DA:47,98
DA:48,98
DA:49,98
DA:56,1
DA:57,1553
DA:58,1553
DA:66,1
DA:67,777
DA:68,777
DA:76,1
DA:77,119
DA:79,119
DA:81,119
DA:82,301
DA:83,345
DA:85,345
DA:87,345
DA:88,345
DA:90,439
DA:92,0
DA:93,0
DA:94,0
DA:96,439
DA:97,439
DA:99,119
DA:100,119
DA:108,1
DA:109,45
DA:111,45
DA:113,45
DA:115,0
DA:116,0
DA:117,0
DA:119,0
DA:121,45
DA:122,45
DA:130,0
DA:131,0
DA:132,0
DA:134,0
DA:135,0
DA:137,0
DA:138,0
DA:143,1
DA:144,98
DA:145,98
DA:146,98
DA:147,98
DA:148,98
DA:149,98
DA:150,98
DA:151,98
DA:152,98
DA:153,98
DA:154,98
DA:155,98
DA:156,98
DA:157,98
DA:158,98
DA:159,98
DA:160,98
DA:165,1
DA:166,98
DA:167,98
DA:168,98
DA:169,98
DA:170,98
DA:171,98
DA:172,98
DA:173,98
DA:174,98
DA:175,1
LH:86
LF:100
end_of_record
SF:/Users/bri/Code/raptor-validator/src/rules/alpha-dash.ts
FN:7,name
FN:11,validate
FN:33,message
FNDA:97,name
FNDA:5,validate
FNDA:2,message
FNF:3
FNH:3
BRDA:16,2,0,0
BRDA:20,2,1,0
BRDA:24,2,2,0
BRF:3
BRH:0
DA:6,1
DA:7,1
DA:8,98
DA:9,98
DA:11,1
DA:12,1
DA:13,1
DA:14,1
DA:15,1
DA:16,0
DA:17,0
DA:18,0
DA:20,0
DA:21,0
DA:22,0
DA:24,0
DA:25,0
DA:26,0
DA:28,6
DA:30,6
DA:31,6
DA:33,1
DA:34,3
DA:35,3
DA:36,1
LH:16
LF:25
end_of_record
SF:/Users/bri/Code/raptor-validator/src/rules/alpha-numeric.ts
FN:7,name
FN:11,validate
FN:33,message
FNDA:97,name
FNDA:5,validate
FNDA:2,message
FNF:3
FNH:3
BRDA:16,2,0,0
BRDA:20,2,1,0
BRDA:24,2,2,0
BRF:3
BRH:0
DA:6,1
DA:7,1
DA:8,98
DA:9,98
DA:11,1
DA:12,1
DA:13,1
DA:14,1
DA:15,1
DA:16,0
DA:17,0
DA:18,0
DA:20,0
DA:21,0
DA:22,0
DA:24,0
DA:25,0
DA:26,0
DA:28,6
DA:30,6
DA:31,6
DA:33,1
DA:34,3
DA:35,3
DA:36,1
LH:16
LF:25
end_of_record
SF:/Users/bri/Code/raptor-validator/src/rules/alpha.ts
FN:7,name
FN:11,validate
FN:33,message
FNDA:97,name
FNDA:6,validate
FNDA:3,message
FNF:3
FNH:3
BRDA:16,2,0,0
BRDA:20,2,1,0
BRDA:24,2,2,0
BRF:3
BRH:0
DA:6,1
DA:7,1
DA:8,98
DA:9,98
DA:11,1
DA:12,1
DA:13,1
DA:14,1
DA:15,1
DA:16,0
DA:17,0
DA:18,0
DA:20,0
DA:21,0
DA:22,0
DA:24,0
DA:25,0
DA:26,0
DA:28,7
DA:30,7
DA:31,7
DA:33,1
DA:34,4
DA:35,4
DA:36,1
LH:16
LF:25
end_of_record
SF:/Users/bri/Code/raptor-validator/src/rules/array.ts
FN:7,name
FN:11,validate
FN:23,message
FNDA:97,name
FNDA:9,validate
FNDA:2,message
FNF:3
FNH:3
BRDA:16,2,0,0
BRF:1
BRH:0
DA:6,1
DA:7,1
DA:8,98
DA:9,98
DA:11,1
DA:12,1
DA:13,1
DA:14,1
DA:15,1
DA:16,0
DA:17,0
DA:18,0
DA:20,10
DA:21,10
DA:23,1
DA:24,3
DA:25,3
DA:26,1
LH:15
LF:18
end_of_record
SF:/Users/bri/Code/raptor-validator/src/rules/boolean.ts
FN:7,name
FN:11,validate
FN:23,message
FNDA:97,name
FNDA:3,validate
FNDA:1,message
FNF:3
FNH:3
BRDA:16,2,0,0
BRF:1
BRH:0
DA:6,1
DA:7,1
DA:8,98
DA:9,98
DA:11,1
DA:12,1
DA:13,1
DA:14,1
DA:15,1
DA:16,0
DA:17,0
DA:18,0
DA:20,4
DA:21,4
DA:23,1
DA:24,2
DA:25,2
DA:26,1
LH:15
LF:18
end_of_record
SF:/Users/bri/Code/raptor-validator/src/rules/date.ts
FN:8,name
FN:12,validate
FN:38,message
FNDA:97,name
FNDA:7,validate
FNDA:3,message
FNF:3
FNH:3
BRDA:17,2,0,0
BRDA:21,2,1,1
BRDA:23,2,2,6
BRDA:25,2,3,1
BRDA:27,2,4,5
BRDA:29,2,5,0
BRDA:31,2,6,5
BRF:7
BRH:5
DA:7,1
DA:8,1
DA:9,98
DA:10,98
DA:12,1
DA:13,1
DA:14,1
DA:15,1
DA:16,1
DA:17,0
DA:18,0
DA:19,0
DA:21,8
DA:22,9
DA:23,9
DA:25,8
DA:26,9
DA:27,9
DA:29,0
DA:30,0
DA:31,0
DA:33,13
DA:35,13
DA:36,8
DA:38,1
DA:39,4
DA:40,4
DA:41,1
LH:22
LF:28
end_of_record
SF:/Users/bri/Code/raptor-validator/src/rules/decimal.ts
FN:7,name
FN:11,validate
FN:27,message
FNDA:97,name
FNDA:5,validate
FNDA:2,message
FNF:3
FNH:3
BRDA:16,2,0,0
BRDA:20,2,1,4
BRDA:20,2,2,1
BRDA:22,2,3,4
BRF:4
BRH:3
DA:6,1
DA:7,1
DA:8,98
DA:9,98
DA:11,1
DA:12,1
DA:13,1
DA:14,1
DA:15,1
DA:16,0
DA:17,0
DA:18,0
DA:20,6
DA:21,7
DA:22,7
DA:24,10
DA:25,6
DA:27,1
DA:28,3
DA:29,3
DA:30,1
LH:18
LF:21
end_of_record
SF:/Users/bri/Code/raptor-validator/src/rules/email.ts
FN:7,name
FN:11,validate
FN:33,message
FNDA:97,name
FNDA:8,validate
FNDA:3,message
FNF:3
FNH:3
BRDA:16,2,0,0
BRDA:20,2,1,0
BRDA:24,2,2,0
BRF:3
BRH:0
DA:6,1
DA:7,1
DA:8,98
DA:9,98
DA:11,1
DA:12,1
DA:13,1
DA:14,1
DA:15,1
DA:16,0
DA:17,0
DA:18,0
DA:20,0
DA:21,0
DA:22,0
DA:24,0
DA:25,0
DA:26,0
DA:28,9
DA:30,9
DA:31,9
DA:33,1
DA:34,4
DA:35,4
DA:36,1
LH:16
LF:25
end_of_record
SF:/Users/bri/Code/raptor-validator/src/rules/ends-with.ts
FN:6,<instance_members_initializer>
FN:7,EndsWithRule
FN:9,name
FN:13,validate
FN:29,message
FN:39,make
FNDA:4,<instance_members_initializer>
FNDA:4,EndsWithRule
FNDA:0,name
FNDA:4,validate
FNDA:1,message
FNDA:4,make
FNF:6
FNH:5
BRDA:18,4,0,0
BRDA:22,4,1,0
BRDA:40,8,0,0
BRF:3
BRH:0
DA:6,1
DA:7,11
DA:9,0
DA:10,0
DA:11,0
DA:13,1
DA:14,1
DA:15,1
DA:16,1
DA:17,1
DA:18,0
DA:19,0
DA:20,0
DA:22,0
DA:23,0
DA:24,0
DA:26,5
DA:27,5
DA:29,1
DA:30,2
DA:31,2
DA:32,2
DA:33,1
DA:38,1
DA:39,1
DA:40,0
DA:41,0
DA:42,0
DA:44,0
DA:46,5
DA:47,5
DA:48,1
DA:50,1
LH:20
LF:33
end_of_record
SF:/Users/bri/Code/raptor-validator/src/rules/greater-than-or-equal.ts
FN:6,<instance_members_initializer>
FN:7,GreaterThanOrEqualRule
FN:9,name
FN:13,validate
FN:29,message
FN:38,make
FNDA:4,<instance_members_initializer>
FNDA:4,GreaterThanOrEqualRule
FNDA:0,name
FNDA:4,validate
FNDA:1,message
FNDA:4,make
FNF:6
FNH:5
BRDA:18,4,0,0
BRDA:22,4,1,0
BRDA:39,6,0,0
BRDA:45,6,1,0
BRF:4
BRH:0
DA:6,1
DA:7,11
DA:9,0
DA:10,0
DA:11,0
DA:13,1
DA:14,1
DA:15,1
DA:16,1
DA:17,1
DA:18,0
DA:19,0
DA:20,0
DA:22,0
DA:23,0
DA:24,0
DA:26,5
DA:27,5
DA:29,1
DA:30,2
DA:31,2
DA:32,1
DA:37,1
DA:38,1
DA:39,0
DA:40,0
DA:41,0
DA:43,5
DA:45,0
DA:46,0
DA:47,0
DA:49,0
DA:51,5
DA:52,5
DA:53,1
DA:55,1
LH:20
LF:36
end_of_record
SF:/Users/bri/Code/raptor-validator/src/rules/greater-than.ts
FN:6,<instance_members_initializer>
FN:7,GreaterThanRule
FN:9,name
FN:13,validate
FN:29,message
FN:38,make
FNDA:4,<instance_members_initializer>
FNDA:4,GreaterThanRule
FNDA:0,name
FNDA:4,validate
FNDA:2,message
FNDA:4,make
FNF:6
FNH:5
BRDA:18,4,0,0
BRDA:22,4,1,0
BRDA:39,6,0,0
BRDA:45,6,1,0
BRF:4
BRH:0
DA:6,1
DA:7,11
DA:9,0
DA:10,0
DA:11,0
DA:13,1
DA:14,1
DA:15,1
DA:16,1
DA:17,1
DA:18,0
DA:19,0
DA:20,0
DA:22,0
DA:23,0
DA:24,0
DA:26,5
DA:27,5
DA:29,1
DA:30,3
DA:31,3
DA:32,1
DA:37,1
DA:38,1
DA:39,0
DA:40,0
DA:41,0
DA:43,5
DA:45,0
DA:46,0
DA:47,0
DA:49,0
DA:51,5
DA:52,5
DA:53,1
DA:55,1
LH:20
LF:36
end_of_record
SF:/Users/bri/Code/raptor-validator/src/rules/integer.ts
FN:7,name
FN:11,validate
FN:27,message
FNDA:97,name
FNDA:5,validate
FNDA:2,message
FNF:3
FNH:3
BRDA:16,2,0,0
BRDA:20,2,1,4
BRDA:20,2,2,1
BRDA:22,2,3,4
BRF:4
BRH:3
DA:6,1
DA:7,1
DA:8,98
DA:9,98
DA:11,1
DA:12,1
DA:13,1
DA:14,1
DA:15,1
DA:16,0
DA:17,0
DA:18,0
DA:20,6
DA:21,7
DA:22,7
DA:24,10
DA:25,6
DA:27,1
DA:28,3
DA:29,3
DA:30,1
LH:18
LF:21
end_of_record
SF:/Users/bri/Code/raptor-validator/src/rules/json.ts
FN:7,name
FN:11,validate
FN:36,message
FNDA:97,name
FNDA:6,validate
FNDA:3,message
FNF:3
FNH:3
BRDA:16,2,0,0
BRDA:20,2,1,0
BRDA:24,2,2,1
BRDA:26,2,3,5
BRDA:31,2,4,2
BRF:5
BRH:3
DA:6,1
DA:7,1
DA:8,98
DA:9,98
DA:11,1
DA:12,1
DA:13,1
DA:14,1
DA:15,1
DA:16,0
DA:17,0
DA:18,0
DA:20,0
DA:21,0
DA:22,0
DA:24,7
DA:25,8
DA:26,8
DA:28,12
DA:29,12
DA:30,12
DA:31,7
DA:32,9
DA:33,9
DA:34,7
DA:36,1
DA:37,4
DA:38,4
DA:39,1
LH:23
LF:29
end_of_record
SF:/Users/bri/Code/raptor-validator/src/rules/less-than-or-equal.ts
FN:6,<instance_members_initializer>
FN:7,LessThanOrEqualRule
FN:9,name
FN:13,validate
FN:29,message
FN:38,make
FNDA:4,<instance_members_initializer>
FNDA:4,LessThanOrEqualRule
FNDA:0,name
FNDA:4,validate
FNDA:1,message
FNDA:4,make
FNF:6
FNH:5
BRDA:18,4,0,0
BRDA:22,4,1,0
BRDA:39,6,0,0
BRDA:45,6,1,0
BRF:4
BRH:0
DA:6,1
DA:7,11
DA:9,0
DA:10,0
DA:11,0
DA:13,1
DA:14,1
DA:15,1
DA:16,1
DA:17,1
DA:18,0
DA:19,0
DA:20,0
DA:22,0
DA:23,0
DA:24,0
DA:26,5
DA:27,5
DA:29,1
DA:30,2
DA:31,2
DA:32,1
DA:37,1
DA:38,1
DA:39,0
DA:40,0
DA:41,0
DA:43,5
DA:45,0
DA:46,0
DA:47,0
DA:49,0
DA:51,5
DA:52,5
DA:53,1
DA:55,1
LH:20
LF:36
end_of_record
SF:/Users/bri/Code/raptor-validator/src/rules/less-than.ts
FN:6,<instance_members_initializer>
FN:7,LessThanRule
FN:9,name
FN:13,validate
FN:29,message
FN:38,make
FNDA:4,<instance_members_initializer>
FNDA:4,LessThanRule
FNDA:0,name
FNDA:4,validate
FNDA:2,message
FNDA:4,make
FNF:6
FNH:5
BRDA:18,4,0,0
BRDA:22,4,1,0
BRDA:39,6,0,0
BRDA:45,6,1,0
BRF:4
BRH:0
DA:6,1
DA:7,11
DA:9,0
DA:10,0
DA:11,0
DA:13,1
DA:14,1
DA:15,1
DA:16,1
DA:17,1
DA:18,0
DA:19,0
DA:20,0
DA:22,0
DA:23,0
DA:24,0
DA:26,5
DA:27,5
DA:29,1
DA:30,3
DA:31,3
DA:32,1
DA:37,1
DA:38,1
DA:39,0
DA:40,0
DA:41,0
DA:43,5
DA:45,0
DA:46,0
DA:47,0
DA:49,0
DA:51,5
DA:52,5
DA:53,1
DA:55,1
LH:20
LF:36
end_of_record
SF:/Users/bri/Code/raptor-validator/src/rules/lowercase.ts
FN:7,name
FN:11,validate
FN:27,message
FNDA:97,name
FNDA:4,validate
FNDA:1,message
FNF:3
FNH:3
BRDA:16,2,0,0
BRDA:20,2,1,0
BRF:2
BRH:0
DA:6,1
DA:7,1
DA:8,98
DA:9,98
DA:11,1
DA:12,1
DA:13,1
DA:14,1
DA:15,1
DA:16,0
DA:17,0
DA:18,0
DA:20,0
DA:21,0
DA:22,0
DA:24,5
DA:25,5
DA:27,1
DA:28,2
DA:29,2
DA:30,1
LH:15
LF:21
end_of_record
SF:/Users/bri/Code/raptor-validator/src/rules/max.ts
FN:6,<instance_members_initializer>
FN:7,MaxRule
FN:9,name
FN:13,validate
FN:37,message
FN:46,make
FNDA:10,<instance_members_initializer>
FNDA:10,MaxRule
FNDA:0,name
FNDA:10,validate
FNDA:3,message
FNDA:10,make
FNF:6
FNH:5
BRDA:18,4,0,0
BRDA:22,4,1,4
BRDA:24,4,2,6
BRDA:26,4,3,3
BRDA:32,4,4,0
BRDA:47,6,0,0
BRDA:53,6,1,0
BRF:7
BRH:3
DA:6,1
DA:7,23
DA:9,0
DA:10,0
DA:11,0
DA:13,1
DA:14,1
DA:15,1
DA:16,1
DA:17,1
DA:18,0
DA:19,0
DA:20,0
DA:22,11
DA:23,15
DA:24,15
DA:26,11
DA:27,14
DA:28,14
DA:30,14
DA:31,14
DA:32,14
DA:34,0
DA:35,0
DA:37,1
DA:38,4
DA:39,4
DA:40,1
DA:45,1
DA:46,1
DA:47,0
DA:48,0
DA:49,0
DA:51,11
DA:53,0
DA:54,0
DA:55,0
DA:57,0
DA:59,11
DA:60,11
DA:61,1
DA:63,1
LH:27
LF:42
end_of_record
SF:/Users/bri/Code/raptor-validator/src/rules/min.ts
FN:6,<instance_members_initializer>
FN:7,MinRule
FN:9,name
FN:13,validate
FN:37,message
FN:46,make
FNDA:10,<instance_members_initializer>
FNDA:10,MinRule
FNDA:0,name
FNDA:10,validate
FNDA:4,message
FNDA:10,make
FNF:6
FNH:5
BRDA:18,4,0,0
BRDA:22,4,1,3
BRDA:24,4,2,7
BRDA:26,4,3,4
BRDA:28,4,4,3
BRDA:32,4,5,0
BRDA:47,6,0,0
BRDA:53,6,1,0
BRF:8
BRH:4
DA:6,1
DA:7,23
DA:9,0
DA:10,0
DA:11,0
DA:13,1
DA:14,1
DA:15,1
DA:16,1
DA:17,1
DA:18,0
DA:19,0
DA:20,0
DA:22,11
DA:23,14
DA:24,14
DA:26,11
DA:27,15
DA:28,15
DA:30,14
DA:31,14
DA:32,14
DA:34,0
DA:35,0
DA:37,1
DA:38,5
DA:39,5
DA:40,1
DA:45,1
DA:46,1
DA:47,0
DA:48,0
DA:49,0
DA:51,11
DA:53,0
DA:54,0
DA:55,0
DA:57,0
DA:59,11
DA:60,11
DA:61,1
DA:63,1
LH:27
LF:42
end_of_record
SF:/Users/bri/Code/raptor-validator/src/rules/numeric.ts
FN:7,name
FN:11,validate
FN:23,message
FNDA:97,name
FNDA:20,validate
FNDA:2,message
FNF:3
FNH:3
BRDA:16,2,0,0
BRDA:20,2,1,18
BRF:2
BRH:1
DA:6,1
DA:7,1
DA:8,98
DA:9,98
DA:11,1
DA:12,1
DA:13,1
DA:14,1
DA:15,1
DA:16,0
DA:17,0
DA:18,0
DA:20,21
DA:21,21
DA:23,1
DA:24,3
DA:25,3
DA:26,1
LH:15
LF:18
end_of_record
SF:/Users/bri/Code/raptor-validator/src/rules/required.ts
FN:7,name
FN:11,validate
FN:27,message
FNDA:97,name
FNDA:25,validate
FNDA:2,message
FNF:3
FNH:3
BRDA:16,2,0,24
BRDA:16,2,1,1
BRDA:18,2,2,24
BRDA:20,2,3,17
BRDA:20,2,4,1
BRDA:22,2,5,23
BRF:6
BRH:6
DA:6,1
DA:7,1
DA:8,98
DA:9,98
DA:11,1
DA:12,1
DA:13,1
DA:14,1
DA:15,1
DA:16,26
DA:17,27
DA:18,27
DA:20,26
DA:21,27
DA:22,27
DA:24,49
DA:25,26
DA:27,1
DA:28,3
DA:29,3
DA:30,1
LH:21
LF:21
end_of_record
SF:/Users/bri/Code/raptor-validator/src/rules/starts-with.ts
FN:6,<instance_members_initializer>
FN:7,StartsWithRule
FN:9,name
FN:13,validate
FN:29,message
FN:39,make
FNDA:4,<instance_members_initializer>
FNDA:4,StartsWithRule
FNDA:0,name
FNDA:4,validate
FNDA:1,message
FNDA:4,make
FNF:6
FNH:5
BRDA:18,4,0,0
BRDA:22,4,1,0
BRDA:40,8,0,0
BRF:3
BRH:0
DA:6,1
DA:7,11
DA:9,0
DA:10,0
DA:11,0
DA:13,1
DA:14,1
DA:15,1
DA:16,1
DA:17,1
DA:18,0
DA:19,0
DA:20,0
DA:22,0
DA:23,0
DA:24,0
DA:26,5
DA:27,5
DA:29,1
DA:30,2
DA:31,2
DA:32,2
DA:33,1
DA:38,1
DA:39,1
DA:40,0
DA:41,0
DA:42,0
DA:44,0
DA:46,5
DA:47,5
DA:48,1
DA:50,1
LH:20
LF:33
end_of_record
SF:/Users/bri/Code/raptor-validator/src/rules/string.ts
FN:7,name
FN:11,validate
FN:23,message
FNDA:97,name
FNDA:19,validate
FNDA:2,message
FNF:3
FNH:3
BRDA:16,2,0,17
BRDA:16,2,1,3
BRDA:18,2,2,16
BRF:3
BRH:3
DA:6,1
DA:7,1
DA:8,98
DA:9,98
DA:11,1
DA:12,1
DA:13,1
DA:14,1
DA:15,1
DA:16,20
DA:17,23
DA:18,23
DA:20,36
DA:21,20
DA:23,1
DA:24,3
DA:25,3
DA:26,1
LH:18
LF:18
end_of_record
SF:/Users/bri/Code/raptor-validator/src/rules/uppercase.ts
FN:7,name
FN:11,validate
FN:27,message
FNDA:97,name
FNDA:3,validate
FNDA:1,message
FNF:3
FNH:3
BRDA:16,2,0,0
BRDA:20,2,1,0
BRF:2
BRH:0
DA:6,1
DA:7,1
DA:8,98
DA:9,98
DA:11,1
DA:12,1
DA:13,1
DA:14,1
DA:15,1
DA:16,0
DA:17,0
DA:18,0
DA:20,0
DA:21,0
DA:22,0
DA:24,4
DA:25,4
DA:27,1
DA:28,2
DA:29,2
DA:30,1
LH:15
LF:21
end_of_record
SF:/Users/bri/Code/raptor-validator/src/rules/url.ts
FN:7,name
FN:11,validate
FN:37,message
FNDA:97,name
FNDA:8,validate
FNDA:3,message
FNF:3
FNH:3
BRDA:16,2,0,0
BRDA:20,2,1,0
BRDA:24,2,2,0
BRDA:31,2,3,5
BRDA:32,2,4,2
BRF:5
BRH:2
DA:6,1
DA:7,1
DA:8,98
DA:9,98
DA:11,1
DA:12,1
DA:13,1
DA:14,1
DA:15,1
DA:16,0
DA:17,0
DA:18,0
DA:20,0
DA:21,0
DA:22,0
DA:24,0
DA:25,0
DA:26,0
DA:28,9
DA:29,9
DA:31,9
DA:32,9
DA:33,11
DA:34,11
DA:35,9
DA:37,1
DA:38,4
DA:39,4
DA:40,1
LH:20
LF:29
end_of_record
SF:/Users/bri/Code/raptor-validator/src/validator.ts
FN:18,<instance_members_initializer>
FN:25,Validator
FN:34,getParser
FN:45,validate
FN:84,validateRule
FNDA:97,<instance_members_initializer>
FNDA:97,Validator
FNDA:0,getParser
FNDA:97,validate
FNDA:182,validateRule
FNF:5
FNH:4
BRDA:51,4,0,118
BRDA:56,4,1,182
BRDA:59,4,2,49
BRDA:70,4,3,49
BRDA:70,4,4,48
BRDA:71,4,5,49
BRDA:71,4,6,48
BRDA:92,5,0,133
BRDA:94,5,1,49
BRDA:96,5,2,0
BRDA:98,5,3,49
BRF:11
BRH:10
DA:3,1
DA:14,1
DA:18,1
DA:25,1
DA:26,98
DA:27,98
DA:34,0
DA:35,0
DA:36,0
DA:45,1
DA:46,1
DA:47,1
DA:48,1
DA:49,98
DA:51,98
DA:52,216
DA:54,216
DA:56,216
DA:57,398
DA:59,398
DA:60,447
DA:61,447
DA:62,447
DA:63,398
DA:64,216
DA:66,98
DA:68,98
DA:69,98
DA:70,98
DA:71,98
DA:72,98
DA:73,98
DA:84,1
DA:85,1
DA:86,1
DA:87,1
DA:88,1
DA:89,1
DA:90,183
DA:92,183
DA:93,316
DA:94,316
DA:96,0
DA:97,0
DA:98,0
DA:100,232
DA:101,183
DA:102,1
LH:42
LF:48
end_of_record
